Mar-02 13:17:08.944 [main] DEBUG nextflow.cli.Launcher - $> nextflow run script3.nf -resume --reads 'data/ggal/*_{1,2}.fq'
Mar-02 13:17:09.034 [main] INFO  nextflow.cli.CmdRun - N E X T F L O W  ~  version 22.10.6
Mar-02 13:17:09.048 [main] DEBUG nextflow.plugin.PluginsFacade - Setting up plugin manager > mode=prod; embedded=false; plugins-dir=/home/user/.nextflow/plugins; core-plugins: nf-amazon@1.11.3,nf-azure@0.14.2,nf-codecommit@0.1.2,nf-console@1.0.4,nf-ga4gh@1.0.4,nf-google@1.4.5,nf-tower@1.5.6,nf-wave@0.5.3
Mar-02 13:17:09.056 [main] INFO  org.pf4j.DefaultPluginStatusProvider - Enabled plugins: []
Mar-02 13:17:09.056 [main] INFO  org.pf4j.DefaultPluginStatusProvider - Disabled plugins: []
Mar-02 13:17:09.059 [main] INFO  org.pf4j.DefaultPluginManager - PF4J version 3.4.1 in 'deployment' mode
Mar-02 13:17:09.105 [main] INFO  org.pf4j.AbstractPluginManager - No plugins
Mar-02 13:17:09.155 [main] DEBUG nextflow.cli.CmdRun - Applied DSL=1 by probing script field
Mar-02 13:17:09.169 [main] INFO  nextflow.cli.CmdRun - Launching `script3.nf` [silly_lalande] DSL1 - revision: d118356290
Mar-02 13:17:09.170 [main] DEBUG nextflow.plugin.PluginsFacade - Plugins default=[]
Mar-02 13:17:09.170 [main] DEBUG nextflow.plugin.PluginsFacade - Plugins resolved requirement=[]
Mar-02 13:17:09.211 [main] DEBUG nextflow.secret.LocalSecretsProvider - Secrets store: /home/user/.nextflow/secrets/store.json
Mar-02 13:17:09.216 [main] DEBUG nextflow.secret.SecretsLoader - Discovered secrets providers: [nextflow.secret.LocalSecretsProvider@77c7ed8e] - activable => nextflow.secret.LocalSecretsProvider@77c7ed8e
Mar-02 13:17:09.262 [main] DEBUG nextflow.Session - Session UUID: fe603279-8fe6-4854-972b-b3d65f621b19
Mar-02 13:17:09.262 [main] DEBUG nextflow.Session - Run name: silly_lalande
Mar-02 13:17:09.262 [main] DEBUG nextflow.Session - Executor pool size: 128
Mar-02 13:17:09.270 [main] DEBUG nextflow.util.ThreadPoolBuilder - Creating thread pool 'FileTransfer' minSize=10; maxSize=384; workQueue=LinkedBlockingQueue[10000]; allowCoreThreadTimeout=false
Mar-02 13:17:09.325 [main] DEBUG nextflow.cli.CmdRun - 
  Version: 22.10.6 build 5843
  Created: 23-01-2023 23:20 UTC (16:20 MDT)
  System: Linux 5.14.0-162.12.1.el9_1.0.2.x86_64
  Runtime: Groovy 3.0.13 on OpenJDK 64-Bit Server VM 11.0.13+7-b1751.21
  Encoding: UTF-8 (UTF-8)
  Process: 2358@a6e919a84 [10.38.16.18]
  CPUs: 128 - Mem: 503.5 GB (376.2 GB) - Swap: 0 (0)
Mar-02 13:17:09.613 [main] DEBUG nextflow.Session - Work-dir: /home/user/work/foss_23_rep_tut/nf_foss_tut/work [xfs]
Mar-02 13:17:09.614 [main] DEBUG nextflow.Session - Script base path does not exist or is not a directory: /home/user/work/foss_23_rep_tut/nf_foss_tut/bin
Mar-02 13:17:09.622 [main] DEBUG nextflow.executor.ExecutorFactory - Extension executors providers=[]
Mar-02 13:17:09.630 [main] DEBUG nextflow.Session - Observer factory: DefaultObserverFactory
Mar-02 13:17:09.644 [main] DEBUG nextflow.cache.CacheFactory - Using Nextflow cache factory: nextflow.cache.DefaultCacheFactory
Mar-02 13:17:09.652 [main] DEBUG nextflow.util.CustomThreadPool - Creating default thread pool > poolSize: 129; maxThreads: 1000
Mar-02 13:17:09.756 [main] DEBUG nextflow.Session - Session start
Mar-02 13:17:11.321 [main] DEBUG nextflow.script.ScriptRunner - > Launching execution
Mar-02 13:17:11.332 [main] INFO  nextflow.script.BaseScript - R N A S E Q - N F   P I P E L I N E    
===================================
transcriptome: /home/user/work/foss_23_rep_tut/nf_foss_tut/data/ggal/transcriptome.fa
reads        : data/ggal/*_{1,2}.fq
outdir       : results

Mar-02 13:17:11.431 [main] DEBUG nextflow.executor.ExecutorFactory - << taskConfig executor: null
Mar-02 13:17:11.431 [main] DEBUG nextflow.executor.ExecutorFactory - >> processorType: 'local'
Mar-02 13:17:11.437 [main] DEBUG nextflow.executor.Executor - [warm up] executor > local
Mar-02 13:17:11.441 [main] DEBUG n.processor.LocalPollingMonitor - Creating local task monitor for executor 'local' > cpus=128; memory=503.5 GB; capacity=128; pollInterval=100ms; dumpInterval=5m
Mar-02 13:17:11.734 [PathVisitor-1] DEBUG nextflow.file.PathVisitor - files for syntax: glob; folder: data/ggal/; pattern: *_{1,2}.fq; options: [:]
Mar-02 13:17:11.917 [main] DEBUG nextflow.executor.ExecutorFactory - << taskConfig executor: null
Mar-02 13:17:11.917 [main] DEBUG nextflow.executor.ExecutorFactory - >> processorType: 'local'
Mar-02 13:17:11.925 [main] DEBUG nextflow.executor.ExecutorFactory - << taskConfig executor: null
Mar-02 13:17:11.925 [main] DEBUG nextflow.executor.ExecutorFactory - >> processorType: 'local'
Mar-02 13:17:12.012 [main] DEBUG nextflow.executor.ExecutorFactory - << taskConfig executor: null
Mar-02 13:17:12.013 [main] DEBUG nextflow.executor.ExecutorFactory - >> processorType: 'local'
Mar-02 13:17:12.020 [main] DEBUG nextflow.Session - Workflow process names [dsl1]: quantification, fastqc, index, multiqc
Mar-02 13:17:12.021 [main] DEBUG nextflow.script.ScriptRunner - > Awaiting termination 
Mar-02 13:17:12.021 [main] DEBUG nextflow.Session - Session await
Mar-02 13:17:12.217 [Task submitter] DEBUG n.executor.local.LocalTaskHandler - Launch cmd line: /bin/bash -ue .command.run
Mar-02 13:17:12.220 [Task submitter] INFO  nextflow.Session - [07/80f170] Submitted process > fastqc (FASTQC on lung)
Mar-02 13:17:12.226 [Task submitter] DEBUG n.executor.local.LocalTaskHandler - Launch cmd line: /bin/bash -ue .command.run
Mar-02 13:17:12.227 [Task submitter] INFO  nextflow.Session - [6f/d4ce16] Submitted process > fastqc (FASTQC on liver)
Mar-02 13:17:12.231 [Actor Thread 4] INFO  nextflow.processor.TaskProcessor - [e1/361359] Cached process > index
Mar-02 13:17:12.234 [Task submitter] DEBUG n.executor.local.LocalTaskHandler - Launch cmd line: /bin/bash -ue .command.run
Mar-02 13:17:12.235 [Task submitter] INFO  nextflow.Session - [8c/2235d8] Submitted process > fastqc (FASTQC on gut)
Mar-02 13:17:12.318 [Actor Thread 31] INFO  nextflow.processor.TaskProcessor - [e9/6ce431] Cached process > quantification (gut)
Mar-02 13:17:12.318 [Actor Thread 34] INFO  nextflow.processor.TaskProcessor - [13/95575e] Cached process > quantification (lung)
Mar-02 13:17:12.318 [Actor Thread 36] INFO  nextflow.processor.TaskProcessor - [bf/03b29f] Cached process > quantification (liver)
Mar-02 13:17:16.575 [Task monitor] DEBUG n.processor.TaskPollingMonitor - Task completed > TaskHandler[id: 2; name: fastqc (FASTQC on gut); status: COMPLETED; exit: 0; error: -; workDir: /home/user/work/foss_23_rep_tut/nf_foss_tut/work/8c/2235d8b2119a19c057198471bf6712]
Mar-02 13:17:16.626 [Task monitor] DEBUG n.processor.TaskPollingMonitor - Task completed > TaskHandler[id: 3; name: fastqc (FASTQC on lung); status: COMPLETED; exit: 0; error: -; workDir: /home/user/work/foss_23_rep_tut/nf_foss_tut/work/07/80f170cb6c75679d44f64751815e70]
Mar-02 13:17:16.633 [Task monitor] DEBUG n.processor.TaskPollingMonitor - Task completed > TaskHandler[id: 4; name: fastqc (FASTQC on liver); status: COMPLETED; exit: 0; error: -; workDir: /home/user/work/foss_23_rep_tut/nf_foss_tut/work/6f/d4ce1660fe98f3a85e7ff480cb0e4d]
Mar-02 13:17:16.651 [Task submitter] DEBUG n.executor.local.LocalTaskHandler - Launch cmd line: /bin/bash -ue .command.run
Mar-02 13:17:16.652 [Task submitter] INFO  nextflow.Session - [7f/08f455] Submitted process > multiqc
Mar-02 13:17:21.181 [Task monitor] DEBUG n.processor.TaskPollingMonitor - Task completed > TaskHandler[id: 8; name: multiqc; status: COMPLETED; exit: 0; error: -; workDir: /home/user/work/foss_23_rep_tut/nf_foss_tut/work/7f/08f455f74ec0b1104cd221f7c512ee]
Mar-02 13:17:21.197 [Task monitor] DEBUG nextflow.util.ThreadPoolBuilder - Creating thread pool 'PublishDir' minSize=10; maxSize=384; workQueue=LinkedBlockingQueue[10000]; allowCoreThreadTimeout=false
Mar-02 13:17:21.199 [main] DEBUG nextflow.Session - Session await > all processes finished
Mar-02 13:17:21.201 [main] DEBUG nextflow.Session - Session await > all barriers passed
Mar-02 13:17:21.205 [main] DEBUG nextflow.util.ThreadPoolManager - Thread pool 'PublishDir' shutdown completed (hard=false)
Mar-02 13:17:21.207 [main] INFO  nextflow.script.BaseScript - 
Done! Open the following report in your browser --> results/multiqc_report.html

Mar-02 13:17:21.212 [main] DEBUG nextflow.trace.WorkflowStatsObserver - Workflow completed > WorkflowStats[succeededCount=4; failedCount=0; ignoredCount=0; cachedCount=4; pendingCount=0; submittedCount=0; runningCount=0; retriesCount=0; abortedCount=0; succeedDuration=17.4s; failedDuration=0ms; cachedDuration=1.3s;loadCpus=0; loadMemory=0; peakRunning=3; peakCpus=3; peakMemory=0; ]
Mar-02 13:17:21.336 [main] DEBUG nextflow.cache.CacheDB - Closing CacheDB done
Mar-02 13:17:21.342 [main] DEBUG nextflow.util.ThreadPoolManager - Thread pool 'FileTransfer' shutdown completed (hard=false)
Mar-02 13:17:21.342 [main] DEBUG nextflow.script.ScriptRunner - > Execution complete -- Goodbye
